Temp/gradleOut/launcher/build/intermediates/manifest_merge_blame_file/release/manifest-merger-blame-release-report.txt
1<?xml version="1.0" encoding="utf-8"?>
2<!-- GENERATED BY UNITY. REMOVE THIS COMMENT TO PREVENT OVERWRITING WHEN EXPORTING AGAIN -->
3<manifest xmlns:android="http://schemas.android.com/apk/res/android"
4    package="com.DefaultCompany.normcoreXRRignew"
5    android:installLocation="preferExternal"
6    android:versionCode="1"
7    android:versionName="0.1" >
8
9    <uses-sdk
10        android:minSdkVersion="23"
10-->src/main/AndroidManifest.xml
11        android:targetSdkVersion="30" />
11-->src/main/AndroidManifest.xml
12
13    <supports-screens
13-->src/main/AndroidManifest.xml:4:3-163
14        android:anyDensity="true"
14-->src/main/AndroidManifest.xml:4:135-160
15        android:largeScreens="true"
15-->src/main/AndroidManifest.xml:4:78-105
16        android:normalScreens="true"
16-->src/main/AndroidManifest.xml:4:49-77
17        android:smallScreens="true"
17-->src/main/AndroidManifest.xml:4:21-48
18        android:xlargeScreens="true" />
18-->src/main/AndroidManifest.xml:4:106-134
19
20    <uses-feature android:glEsVersion="0x00030000" />
20-->[:unityLibrary] AndroidManifest.xml:14:5-54
20-->[:unityLibrary] AndroidManifest.xml:14:19-51
21
22    <uses-permission android:name="android.permission.INTERNET" />
22-->[:unityLibrary] AndroidManifest.xml:16:5-67
22-->[:unityLibrary] AndroidManifest.xml:16:22-64
23    <uses-permission android:name="android.permission.RECORD_AUDIO" />
23-->[:unityLibrary] AndroidManifest.xml:17:5-71
23-->[:unityLibrary] AndroidManifest.xml:17:22-68
24    <uses-permission android:name="android.permission.MODIFY_AUDIO_SETTINGS" />
24-->[:unityLibrary] AndroidManifest.xml:18:5-80
24-->[:unityLibrary] AndroidManifest.xml:18:22-77
25
26    <uses-feature
26-->[:unityLibrary] AndroidManifest.xml:20:5-22:36
27        android:name="android.hardware.microphone"
27-->[:unityLibrary] AndroidManifest.xml:21:9-51
28        android:required="false" />
28-->[:unityLibrary] AndroidManifest.xml:22:9-33
29    <uses-feature
29-->[:unityLibrary] AndroidManifest.xml:23:5-25:36
30        android:name="android.hardware.touchscreen"
30-->[:unityLibrary] AndroidManifest.xml:24:9-52
31        android:required="false" />
31-->[:unityLibrary] AndroidManifest.xml:25:9-33
32    <uses-feature
32-->[:unityLibrary] AndroidManifest.xml:26:5-28:36
33        android:name="android.hardware.touchscreen.multitouch"
33-->[:unityLibrary] AndroidManifest.xml:27:9-63
34        android:required="false" />
34-->[:unityLibrary] AndroidManifest.xml:28:9-33
35    <uses-feature
35-->[:unityLibrary] AndroidManifest.xml:29:5-31:36
36        android:name="android.hardware.touchscreen.multitouch.distinct"
36-->[:unityLibrary] AndroidManifest.xml:30:9-72
37        android:required="false" />
37-->[:unityLibrary] AndroidManifest.xml:31:9-33
38    <uses-feature
38-->[:unityLibrary] AndroidManifest.xml:32:5-35:31
39        android:name="android.hardware.vr.headtracking"
39-->[:unityLibrary] AndroidManifest.xml:33:9-56
40        android:required="true"
40-->[:unityLibrary] AndroidManifest.xml:34:9-32
41        android:version="1" />
41-->[:unityLibrary] AndroidManifest.xml:35:9-28
42
43    <application
43-->src/main/AndroidManifest.xml:5:3-116
44        android:extractNativeLibs="true"
44-->src/main/AndroidManifest.xml:5:16-48
45        android:icon="@mipmap/app_icon"
45-->src/main/AndroidManifest.xml:5:82-113
46        android:label="@string/app_name" >
46-->src/main/AndroidManifest.xml:5:49-81
47        <activity
47-->[:unityLibrary] AndroidManifest.xml:38:9-59:20
48            android:name="com.unity3d.player.UnityPlayerActivity"
48-->[:unityLibrary] AndroidManifest.xml:39:13-66
49            android:configChanges="keyboard|keyboardHidden|navigation|orientation|screenLayout|screenSize|uiMode"
49-->[:unityLibrary] AndroidManifest.xml:40:13-114
50            android:hardwareAccelerated="false"
50-->[:unityLibrary] AndroidManifest.xml:41:13-48
51            android:launchMode="singleTask"
51-->[:unityLibrary] AndroidManifest.xml:42:13-44
52            android:resizeableActivity="false"
52-->[:unityLibrary] AndroidManifest.xml:43:13-47
53            android:screenOrientation="landscape"
53-->[:unityLibrary] AndroidManifest.xml:44:13-50
54            android:theme="@android:style/Theme.Black.NoTitleBar.Fullscreen" >
54-->[:unityLibrary] AndroidManifest.xml:45:13-77
55            <intent-filter>
55-->[:unityLibrary] AndroidManifest.xml:46:13-51:29
56                <action android:name="android.intent.action.MAIN" />
56-->[:unityLibrary] AndroidManifest.xml:47:17-69
56-->[:unityLibrary] AndroidManifest.xml:47:25-66
57
58                <category android:name="android.intent.category.LAUNCHER" />
58-->[:unityLibrary] AndroidManifest.xml:49:17-77
58-->[:unityLibrary] AndroidManifest.xml:49:27-74
59                <category android:name="com.oculus.intent.category.VR" />
59-->[:unityLibrary] AndroidManifest.xml:50:17-74
59-->[:unityLibrary] AndroidManifest.xml:50:27-71
60            </intent-filter>
61
62            <meta-data
62-->[:unityLibrary] AndroidManifest.xml:53:13-55:40
63                android:name="unityplayer.UnityActivity"
63-->[:unityLibrary] AndroidManifest.xml:54:17-57
64                android:value="true" />
64-->[:unityLibrary] AndroidManifest.xml:55:17-37
65            <meta-data
65-->[:unityLibrary] AndroidManifest.xml:56:13-58:40
66                android:name="com.oculus.vr.focusaware"
66-->[:unityLibrary] AndroidManifest.xml:57:17-56
67                android:value="true" />
67-->[:unityLibrary] AndroidManifest.xml:58:17-37
68        </activity>
69
70        <meta-data
70-->[:unityLibrary] AndroidManifest.xml:61:9-63:33
71            android:name="unity.splash-mode"
71-->[:unityLibrary] AndroidManifest.xml:62:13-45
72            android:value="0" />
72-->[:unityLibrary] AndroidManifest.xml:63:13-30
73        <meta-data
73-->[:unityLibrary] AndroidManifest.xml:64:9-66:36
74            android:name="unity.splash-enable"
74-->[:unityLibrary] AndroidManifest.xml:65:13-47
75            android:value="True" />
75-->[:unityLibrary] AndroidManifest.xml:66:13-33
76        <meta-data
76-->[:unityLibrary] AndroidManifest.xml:67:9-69:37
77            android:name="unity.allow-resizable-window"
77-->[:unityLibrary] AndroidManifest.xml:68:13-56
78            android:value="False" />
78-->[:unityLibrary] AndroidManifest.xml:69:13-34
79        <meta-data
79-->[:unityLibrary] AndroidManifest.xml:70:9-72:68
80            android:name="unity.build-id"
80-->[:unityLibrary] AndroidManifest.xml:71:13-42
81            android:value="3a8e3668-7454-4514-8a73-1af03c66598b" />
81-->[:unityLibrary] AndroidManifest.xml:72:13-65
82        <meta-data
82-->[:unityLibrary] AndroidManifest.xml:73:9-75:39
83            android:name="com.samsung.android.vr.application.mode"
83-->[:unityLibrary] AndroidManifest.xml:74:13-67
84            android:value="vr_only" />
84-->[:unityLibrary] AndroidManifest.xml:75:13-36
85        <meta-data
85-->[:unityLibrary] AndroidManifest.xml:76:9-78:37
86            android:name="com.unity.xr.oculus.LowOverheadMode"
86-->[:unityLibrary] AndroidManifest.xml:77:13-63
87            android:value="false" />
87-->[:unityLibrary] AndroidManifest.xml:78:13-34
88        <meta-data
88-->[:unityLibrary] AndroidManifest.xml:79:9-81:44
89            android:name="com.oculus.supportedDevices"
89-->[:unityLibrary] AndroidManifest.xml:80:13-55
90            android:value="quest|quest2" />
90-->[:unityLibrary] AndroidManifest.xml:81:13-41
91    </application>
92
93</manifest>